<?xml version="1.0" encoding="UTF-8"?>
<!-- Generated by org.testng.reporters.JUnitReportReporter -->
<testsuite hostname="DESKTOP-0L4PE2V" failures="0" tests="1" name="com.android.test.MyTestSuite" time="14.371" errors="0" timestamp="2023-04-14T11:37:47 IST" skipped="0">
  <testcase classname="com.android.test.MyTestSuite" name="TC001" time="14.371"/>
  <system-out/>
</testsuite> <!-- com.android.test.MyTestSuite -->
